2025-02-12T15:30:56.977+05:30  INFO 13824 --- [SpringBootApp1-1] [restartedMain] com.example.SpringBootApp11Application   : Starting SpringBootApp11Application using Java 21.0.5 with PID 13824 (C:\Users\2383505\Documents\workspace-spring-tool-suite-4-4.27.0.RELEASE\SpringBootReactive1\target\classes started by 2383505 in C:\Users\2383505\Documents\workspace-spring-tool-suite-4-4.27.0.RELEASE\SpringBootReactive1)
2025-02-12T15:30:56.977+05:30  INFO 13824 --- [SpringBootApp1-1] [restartedMain] com.example.SpringBootApp11Application   : No active profile set, falling back to 1 default profile: "default"
2025-02-12T15:30:57.325+05:30  INFO 13824 --- [SpringBootApp1-1] [restartedMain] .s.d.r.c.RepositoryConfigurationDelegate : Bootstrapping Spring Data JPA repositories in DEFAULT mode.
2025-02-12T15:30:57.351+05:30  INFO 13824 --- [SpringBootApp1-1] [restartedMain] .s.d.r.c.RepositoryConfigurationDelegate : Finished Spring Data repository scanning in 22 ms. Found 1 JPA repository interface.
2025-02-12T15:30:57.476+05:30  INFO 13824 --- [SpringBootApp1-1] [restartedMain] o.s.b.w.embedded.tomcat.TomcatWebServer  : Tomcat initialized with port 6060 (http)
2025-02-12T15:30:57.477+05:30  INFO 13824 --- [SpringBootApp1-1] [restartedMain] o.apache.catalina.core.StandardService   : Starting service [Tomcat]
2025-02-12T15:30:57.478+05:30  INFO 13824 --- [SpringBootApp1-1] [restartedMain] o.apache.catalina.core.StandardEngine    : Starting Servlet engine: [Apache Tomcat/10.1.34]
2025-02-12T15:30:57.516+05:30  INFO 13824 --- [SpringBootApp1-1] [restartedMain] o.a.c.c.C.[Tomcat].[localhost].[/]       : Initializing Spring embedded WebApplicationContext
2025-02-12T15:30:57.516+05:30  INFO 13824 --- [SpringBootApp1-1] [restartedMain] w.s.c.ServletWebServerApplicationContext : Root WebApplicationContext: initialization completed in 536 ms
2025-02-12T15:30:57.549+05:30  INFO 13824 --- [SpringBootApp1-1] [restartedMain] o.hibernate.jpa.internal.util.LogHelper  : HHH000204: Processing PersistenceUnitInfo [name: default]
2025-02-12T15:30:57.551+05:30  INFO 13824 --- [SpringBootApp1-1] [restartedMain] o.h.c.internal.RegionFactoryInitiator    : HHH000026: Second-level cache disabled
2025-02-12T15:30:57.561+05:30  INFO 13824 --- [SpringBootApp1-1] [restartedMain] o.s.o.j.p.SpringPersistenceUnitInfo      : No LoadTimeWeaver setup: ignoring JPA class transformer
2025-02-12T15:30:57.562+05:30  INFO 13824 --- [SpringBootApp1-1] [restartedMain] com.zaxxer.hikari.HikariDataSource       : HikariPool-5 - Starting...
2025-02-12T15:30:57.564+05:30  INFO 13824 --- [SpringBootApp1-1] [restartedMain] com.zaxxer.hikari.pool.HikariPool        : HikariPool-5 - Added connection conn41: url=jdbc:h2:mem:testdb user=SA
2025-02-12T15:30:57.564+05:30  INFO 13824 --- [SpringBootApp1-1] [restartedMain] com.zaxxer.hikari.HikariDataSource       : HikariPool-5 - Start completed.
2025-02-12T15:30:57.565+05:30  INFO 13824 --- [SpringBootApp1-1] [restartedMain] org.hibernate.orm.connections.pooling    : HHH10001005: Database info:
	Database JDBC URL [Connecting through datasource 'HikariDataSource (HikariPool-5)']
	Database driver: undefined/unknown
	Database version: 2.3.232
	Autocommit mode: undefined/unknown
	Isolation level: undefined/unknown
	Minimum pool size: undefined/unknown
	Maximum pool size: undefined/unknown
2025-02-12T15:30:57.601+05:30  INFO 13824 --- [SpringBootApp1-1] [restartedMain] o.h.e.t.j.p.i.JtaPlatformInitiator       : HHH000489: No JTA platform available (set 'hibernate.transaction.jta.platform' to enable JTA platform integration)
2025-02-12T15:30:57.604+05:30  INFO 13824 --- [SpringBootApp1-1] [restartedMain] j.LocalContainerEntityManagerFactoryBean : Initialized JPA EntityManagerFactory for persistence unit 'default'
2025-02-12T15:30:57.720+05:30  WARN 13824 --- [SpringBootApp1-1] [restartedMain] JpaBaseConfiguration$JpaWebConfiguration : spring.jpa.open-in-view is enabled by default. Therefore, database queries may be performed during view rendering. Explicitly configure spring.jpa.open-in-view to disable this warning
2025-02-12T15:30:57.736+05:30  INFO 13824 --- [SpringBootApp1-1] [restartedMain] o.s.v.b.OptionalValidatorFactoryBean     : Failed to set up a Bean Validation provider: jakarta.validation.NoProviderFoundException: Unable to create a Configuration, because no Jakarta Bean Validation provider could be found. Add a provider like Hibernate Validator (RI) to your classpath.
2025-02-12T15:30:57.800+05:30  INFO 13824 --- [SpringBootApp1-1] [restartedMain] o.s.b.a.h2.H2ConsoleAutoConfiguration    : H2 console available at '/h2-console'. Database available at 'jdbc:h2:mem:testdb'
2025-02-12T15:30:57.816+05:30  INFO 13824 --- [SpringBootApp1-1] [restartedMain] o.s.b.d.a.OptionalLiveReloadServer       : LiveReload server is running on port 35729
2025-02-12T15:30:57.829+05:30  INFO 13824 --- [SpringBootApp1-1] [restartedMain] o.s.b.w.embedded.tomcat.TomcatWebServer  : Tomcat started on port 6060 (http) with context path '/'
2025-02-12T15:30:57.833+05:30  INFO 13824 --- [SpringBootApp1-1] [restartedMain] com.example.SpringBootApp11Application   : Started SpringBootApp11Application in 0.885 seconds (process running for 1683.006)
2025-02-12T15:30:57.840+05:30  INFO 13824 --- [SpringBootApp1-1] [restartedMain] .ConditionEvaluationDeltaLoggingListener : Condition evaluation unchanged
2025-02-12T15:39:24.544+05:30  INFO 13824 --- [SpringBootApp1-1] [File Watcher] rtingClassPathChangeChangedEventListener : Restarting due to 1 class path change (1 addition, 0 deletions, 0 modifications)
2025-02-12T15:39:24.547+05:30  INFO 13824 --- [SpringBootApp1-1] [Thread-20] o.s.b.w.e.tomcat.GracefulShutdown        : Commencing graceful shutdown. Waiting for active requests to complete
2025-02-12T15:39:24.554+05:30  INFO 13824 --- [SpringBootApp1-1] [tomcat-shutdown] o.s.b.w.e.tomcat.GracefulShutdown        : Graceful shutdown complete
2025-02-12T15:39:24.557+05:30  INFO 13824 --- [SpringBootApp1-1] [Thread-20] j.LocalContainerEntityManagerFactoryBean : Closing JPA EntityManagerFactory for persistence unit 'default'
2025-02-12T15:39:24.559+05:30  WARN 13824 --- [SpringBootApp1-1] [Thread-20] o.s.b.f.support.DisposableBeanAdapter    : Invocation of destroy method failed on bean with name 'inMemoryDatabaseShutdownExecutor': org.h2.jdbc.JdbcSQLNonTransientConnectionException: Database is already closed (to disable automatic closing at VM shutdown, add ";DB_CLOSE_ON_EXIT=FALSE" to the db URL) [90121-232]
2025-02-12T15:39:24.559+05:30  INFO 13824 --- [SpringBootApp1-1] [Thread-20] com.zaxxer.hikari.HikariDataSource       : HikariPool-5 - Shutdown initiated...
2025-02-12T15:39:24.560+05:30  INFO 13824 --- [SpringBootApp1-1] [Thread-20] com.zaxxer.hikari.HikariDataSource       : HikariPool-5 - Shutdown completed.
