2025-02-12 15:39:41 - c.example.SpringBootApp11Application - Starting SpringBootApp11Application using Java 21.0.5 with PID 13824 (C:\Users\2383505\Documents\workspace-spring-tool-suite-4-4.27.0.RELEASE\SpringBootReactive1\target\classes started by 2383505 in C:\Users\2383505\Documents\workspace-spring-tool-suite-4-4.27.0.RELEASE\SpringBootReactive1)
2025-02-12 15:39:41 - c.example.SpringBootApp11Application - No active profile set, falling back to 1 default profile: "default"
2025-02-12 15:39:42 - o.s.d.r.c.RepositoryConfigurationDelegate - Bootstrapping Spring Data JPA repositories in DEFAULT mode.
2025-02-12 15:39:42 - o.s.d.r.c.RepositoryConfigurationDelegate - Finished Spring Data repository scanning in 5 ms. Found 1 JPA repository interface.
2025-02-12 15:39:42 - o.s.b.w.e.tomcat.TomcatWebServer - Tomcat initialized with port 6060 (http)
2025-02-12 15:39:42 - o.a.catalina.core.StandardService - Starting service [Tomcat]
2025-02-12 15:39:42 - o.a.catalina.core.StandardEngine - Starting Servlet engine: [Apache Tomcat/10.1.34]
2025-02-12 15:39:42 - o.a.c.c.C.[Tomcat].[localhost].[/] - Initializing Spring embedded WebApplicationContext
2025-02-12 15:39:42 - o.s.b.w.s.c.ServletWebServerApplicationContext - Root WebApplicationContext: initialization completed in 518 ms
2025-02-12 15:39:42 - o.h.jpa.internal.util.LogHelper - HHH000204: Processing PersistenceUnitInfo [name: default]
2025-02-12 15:39:42 - o.h.c.i.RegionFactoryInitiator - HHH000026: Second-level cache disabled
2025-02-12 15:39:42 - o.s.o.j.p.SpringPersistenceUnitInfo - No LoadTimeWeaver setup: ignoring JPA class transformer
2025-02-12 15:39:42 - com.zaxxer.hikari.HikariDataSource - HikariPool-6 - Starting...
2025-02-12 15:39:42 - com.zaxxer.hikari.pool.HikariPool - HikariPool-6 - Added connection conn51: url=jdbc:h2:mem:testdb user=SA
2025-02-12 15:39:42 - com.zaxxer.hikari.HikariDataSource - HikariPool-6 - Start completed.
2025-02-12 15:39:42 - o.hibernate.orm.connections.pooling - HHH10001005: Database info:
	Database JDBC URL [Connecting through datasource 'HikariDataSource (HikariPool-6)']
	Database driver: undefined/unknown
	Database version: 2.3.232
	Autocommit mode: undefined/unknown
	Isolation level: undefined/unknown
	Minimum pool size: undefined/unknown
	Maximum pool size: undefined/unknown
2025-02-12 15:39:42 - o.h.e.t.j.p.i.JtaPlatformInitiator - HHH000489: No JTA platform available (set 'hibernate.transaction.jta.platform' to enable JTA platform integration)
2025-02-12 15:39:42 - o.s.o.j.LocalContainerEntityManagerFactoryBean - Initialized JPA EntityManagerFactory for persistence unit 'default'
2025-02-12 15:39:42 - o.s.b.a.o.j.JpaBaseConfiguration$JpaWebConfiguration - spring.jpa.open-in-view is enabled by default. Therefore, database queries may be performed during view rendering. Explicitly configure spring.jpa.open-in-view to disable this warning
2025-02-12 15:39:42 - o.s.v.b.OptionalValidatorFactoryBean - Failed to set up a Bean Validation provider: jakarta.validation.NoProviderFoundException: Unable to create a Configuration, because no Jakarta Bean Validation provider could be found. Add a provider like Hibernate Validator (RI) to your classpath.
2025-02-12 15:39:42 - o.s.b.a.h.H2ConsoleAutoConfiguration - H2 console available at '/h2-console'. Database available at 'jdbc:h2:mem:testdb'
2025-02-12 15:39:42 - o.s.b.d.a.OptionalLiveReloadServer - LiveReload server is running on port 35729
2025-02-12 15:39:42 - o.s.b.w.e.tomcat.TomcatWebServer - Tomcat started on port 6060 (http) with context path '/'
2025-02-12 15:39:42 - c.example.SpringBootApp11Application - Started SpringBootApp11Application in 0.911 seconds (process running for 2207.78)
2025-02-12 15:39:42 - o.s.b.d.a.ConditionEvaluationDeltaLoggingListener - Condition evaluation unchanged
2025-02-12 15:40:10 - o.a.c.c.C.[Tomcat].[localhost].[/] - Initializing Spring DispatcherServlet 'dispatcherServlet'
2025-02-12 15:40:10 - o.s.web.servlet.DispatcherServlet - Initializing Servlet 'dispatcherServlet'
2025-02-12 15:40:10 - o.s.web.servlet.DispatcherServlet - Completed initialization in 1 ms
2025-02-12 15:40:10 - com.example.web.InsuranceController - getAllInsurance
2025-02-12 15:40:10 - c.example.service.InsuranceService - getAllInsurance 
2025-02-12 15:40:10 - c.example.service.InsuranceService - found all [Insurance(insuranceId=1, insuranceName=health insurance, years=10, startDate=2025-02-12), Insurance(insuranceId=2, insuranceName=bike insurance, years=1, startDate=2022-12-12), Insurance(insuranceId=3, insuranceName=home insurance, years=5, startDate=2021-12-12), Insurance(insuranceId=4, insuranceName=mobile insurance, years=10, startDate=2020-12-12)]
2025-02-12 15:40:10 - com.example.web.InsuranceController - found [Insurance(insuranceId=1, insuranceName=health insurance, years=10, startDate=2025-02-12), Insurance(insuranceId=2, insuranceName=bike insurance, years=1, startDate=2022-12-12), Insurance(insuranceId=3, insuranceName=home insurance, years=5, startDate=2021-12-12), Insurance(insuranceId=4, insuranceName=mobile insurance, years=10, startDate=2020-12-12)]
2025-02-12 15:40:10 - c.example.service.InsuranceService - getAllInsurance 
2025-02-12 15:40:10 - c.example.service.InsuranceService - found all [Insurance(insuranceId=1, insuranceName=health insurance, years=10, startDate=2025-02-12), Insurance(insuranceId=2, insuranceName=bike insurance, years=1, startDate=2022-12-12), Insurance(insuranceId=3, insuranceName=home insurance, years=5, startDate=2021-12-12), Insurance(insuranceId=4, insuranceName=mobile insurance, years=10, startDate=2020-12-12)]
2025-02-12 15:42:06 - o.s.b.d.a.LocalDevToolsAutoConfiguration$RestartingClassPathChangeChangedEventListener - Restarting due to 1 class path change (0 additions, 0 deletions, 1 modification)
2025-02-12 15:42:06 - o.s.b.w.e.tomcat.GracefulShutdown - Commencing graceful shutdown. Waiting for active requests to complete
2025-02-12 15:42:06 - o.s.b.w.e.tomcat.GracefulShutdown - Graceful shutdown complete
2025-02-12 15:42:06 - o.s.o.j.LocalContainerEntityManagerFactoryBean - Closing JPA EntityManagerFactory for persistence unit 'default'
2025-02-12 15:42:06 - o.s.b.f.s.DisposableBeanAdapter - Invocation of destroy method failed on bean with name 'inMemoryDatabaseShutdownExecutor': org.h2.jdbc.JdbcSQLNonTransientConnectionException: Database is already closed (to disable automatic closing at VM shutdown, add ";DB_CLOSE_ON_EXIT=FALSE" to the db URL) [90121-232]
2025-02-12 15:42:06 - com.zaxxer.hikari.HikariDataSource - HikariPool-6 - Shutdown initiated...
2025-02-12 15:42:06 - com.zaxxer.hikari.HikariDataSource - HikariPool-6 - Shutdown completed.
2025-02-12 15:42:06 - c.example.SpringBootApp11Application - Starting SpringBootApp11Application using Java 21.0.5 with PID 13824 (C:\Users\2383505\Documents\workspace-spring-tool-suite-4-4.27.0.RELEASE\SpringBootReactive1\target\classes started by 2383505 in C:\Users\2383505\Documents\workspace-spring-tool-suite-4-4.27.0.RELEASE\SpringBootReactive1)
2025-02-12 15:42:06 - c.example.SpringBootApp11Application - No active profile set, falling back to 1 default profile: "default"
2025-02-12 15:42:06 - o.s.d.r.c.RepositoryConfigurationDelegate - Bootstrapping Spring Data JPA repositories in DEFAULT mode.
2025-02-12 15:42:06 - o.s.d.r.c.RepositoryConfigurationDelegate - Finished Spring Data repository scanning in 8 ms. Found 1 JPA repository interface.
2025-02-12 15:42:06 - o.s.b.w.e.tomcat.TomcatWebServer - Tomcat initialized with port 6060 (http)
2025-02-12 15:42:06 - o.a.catalina.core.StandardService - Starting service [Tomcat]
2025-02-12 15:42:06 - o.a.catalina.core.StandardEngine - Starting Servlet engine: [Apache Tomcat/10.1.34]
2025-02-12 15:42:06 - o.a.c.c.C.[Tomcat].[localhost].[/] - Initializing Spring embedded WebApplicationContext
2025-02-12 15:42:06 - o.s.b.w.s.c.ServletWebServerApplicationContext - Root WebApplicationContext: initialization completed in 283 ms
2025-02-12 15:42:06 - o.h.jpa.internal.util.LogHelper - HHH000204: Processing PersistenceUnitInfo [name: default]
2025-02-12 15:42:06 - o.h.c.i.RegionFactoryInitiator - HHH000026: Second-level cache disabled
2025-02-12 15:42:06 - o.s.o.j.p.SpringPersistenceUnitInfo - No LoadTimeWeaver setup: ignoring JPA class transformer
2025-02-12 15:42:06 - com.zaxxer.hikari.HikariDataSource - HikariPool-7 - Starting...
2025-02-12 15:42:06 - com.zaxxer.hikari.pool.HikariPool - HikariPool-7 - Added connection conn61: url=jdbc:h2:mem:testdb user=SA
2025-02-12 15:42:06 - com.zaxxer.hikari.HikariDataSource - HikariPool-7 - Start completed.
2025-02-12 15:42:06 - o.hibernate.orm.connections.pooling - HHH10001005: Database info:
	Database JDBC URL [Connecting through datasource 'HikariDataSource (HikariPool-7)']
	Database driver: undefined/unknown
	Database version: 2.3.232
	Autocommit mode: undefined/unknown
	Isolation level: undefined/unknown
	Minimum pool size: undefined/unknown
	Maximum pool size: undefined/unknown
2025-02-12 15:42:06 - o.h.e.t.j.p.i.JtaPlatformInitiator - HHH000489: No JTA platform available (set 'hibernate.transaction.jta.platform' to enable JTA platform integration)
2025-02-12 15:42:06 - o.s.o.j.LocalContainerEntityManagerFactoryBean - Initialized JPA EntityManagerFactory for persistence unit 'default'
2025-02-12 15:42:06 - o.s.b.a.o.j.JpaBaseConfiguration$JpaWebConfiguration - spring.jpa.open-in-view is enabled by default. Therefore, database queries may be performed during view rendering. Explicitly configure spring.jpa.open-in-view to disable this warning
2025-02-12 15:42:06 - o.s.v.b.OptionalValidatorFactoryBean - Failed to set up a Bean Validation provider: jakarta.validation.NoProviderFoundException: Unable to create a Configuration, because no Jakarta Bean Validation provider could be found. Add a provider like Hibernate Validator (RI) to your classpath.
2025-02-12 15:42:06 - o.s.b.a.h.H2ConsoleAutoConfiguration - H2 console available at '/h2-console'. Database available at 'jdbc:h2:mem:testdb'
2025-02-12 15:42:06 - o.s.b.d.a.OptionalLiveReloadServer - LiveReload server is running on port 35729
2025-02-12 15:42:06 - o.s.b.w.e.tomcat.TomcatWebServer - Tomcat started on port 6060 (http) with context path '/'
2025-02-12 15:42:06 - c.example.SpringBootApp11Application - Started SpringBootApp11Application in 0.57 seconds (process running for 2351.854)
2025-02-12 15:42:06 - o.s.b.d.a.ConditionEvaluationDeltaLoggingListener - Condition evaluation unchanged
2025-02-12 15:48:37 - o.a.c.c.C.[Tomcat].[localhost].[/] - Initializing Spring DispatcherServlet 'dispatcherServlet'
2025-02-12 15:48:37 - o.s.web.servlet.DispatcherServlet - Initializing Servlet 'dispatcherServlet'
2025-02-12 15:48:37 - o.s.web.servlet.DispatcherServlet - Completed initialization in 0 ms
2025-02-12 15:48:37 - com.example.web.InsuranceController - getAllInsurance
2025-02-12 15:48:37 - c.example.service.InsuranceService - getAllInsurance 
2025-02-12 15:48:37 - c.example.service.InsuranceService - is empty
2025-02-12 15:48:37 - com.example.web.InsuranceController - error insurance list is empty
2025-02-12 15:49:05 - com.example.web.InsuranceController - getAllInsurance
2025-02-12 15:49:05 - c.example.service.InsuranceService - getAllInsurance 
2025-02-12 15:49:05 - c.example.service.InsuranceService - is empty
2025-02-12 15:49:05 - com.example.web.InsuranceController - error insurance list is empty
2025-02-12 16:55:16 - com.example.web.InsuranceController - getAllInsurance
2025-02-12 16:55:16 - c.example.service.InsuranceService - getAllInsurance 
2025-02-12 16:55:16 - c.example.service.InsuranceService - is empty
2025-02-12 16:55:16 - com.example.web.InsuranceController - error insurance list is empty
2025-02-12 17:13:48 - com.example.web.InsuranceController - getAllInsurance
2025-02-12 17:13:48 - c.example.service.InsuranceService - getAllInsurance 
2025-02-12 17:13:48 - c.example.service.InsuranceService - is empty
2025-02-12 17:13:48 - com.example.web.InsuranceController - error insurance list is empty
2025-02-12 17:14:04 - o.s.b.a.SpringApplicationAdminMXBeanRegistrar$SpringApplicationAdmin - Application shutdown requested.
2025-02-12 17:14:04 - o.s.b.w.e.tomcat.GracefulShutdown - Commencing graceful shutdown. Waiting for active requests to complete
2025-02-12 17:14:04 - o.s.b.w.e.tomcat.GracefulShutdown - Graceful shutdown complete
2025-02-12 17:14:04 - o.s.o.j.LocalContainerEntityManagerFactoryBean - Closing JPA EntityManagerFactory for persistence unit 'default'
2025-02-12 17:14:04 - o.s.b.f.s.DisposableBeanAdapter - Invocation of destroy method failed on bean with name 'inMemoryDatabaseShutdownExecutor': org.h2.jdbc.JdbcSQLNonTransientConnectionException: Database is already closed (to disable automatic closing at VM shutdown, add ";DB_CLOSE_ON_EXIT=FALSE" to the db URL) [90121-232]
2025-02-12 17:14:04 - com.zaxxer.hikari.HikariDataSource - HikariPool-7 - Shutdown initiated...
2025-02-12 17:14:04 - com.zaxxer.hikari.HikariDataSource - HikariPool-7 - Shutdown completed.
2025-02-12 17:14:18 - c.example.SpringBootApp11Application - Starting SpringBootApp11Application using Java 21.0.5 with PID 22936 (C:\Users\2383505\Documents\workspace-spring-tool-suite-4-4.27.0.RELEASE\SpringBootReactive1\target\classes started by 2383505 in C:\Users\2383505\Documents\workspace-spring-tool-suite-4-4.27.0.RELEASE\SpringBootReactive1)
2025-02-12 17:14:18 - c.example.SpringBootApp11Application - No active profile set, falling back to 1 default profile: "default"
2025-02-12 17:14:18 - o.s.b.d.e.DevToolsPropertyDefaultsPostProcessor - Devtools property defaults active! Set 'spring.devtools.add-properties' to 'false' to disable
2025-02-12 17:14:18 - o.s.b.d.e.DevToolsPropertyDefaultsPostProcessor - For additional web related logging consider setting the 'logging.level.web' property to 'DEBUG'
2025-02-12 17:14:19 - o.s.d.r.c.RepositoryConfigurationDelegate - Bootstrapping Spring Data JPA repositories in DEFAULT mode.
2025-02-12 17:14:19 - o.s.d.r.c.RepositoryConfigurationDelegate - Finished Spring Data repository scanning in 106 ms. Found 1 JPA repository interface.
2025-02-12 17:14:19 - o.s.b.w.e.tomcat.TomcatWebServer - Tomcat initialized with port 6060 (http)
2025-02-12 17:14:19 - o.a.coyote.http11.Http11NioProtocol - Initializing ProtocolHandler ["http-nio-6060"]
2025-02-12 17:14:19 - o.a.catalina.core.StandardService - Starting service [Tomcat]
2025-02-12 17:14:19 - o.a.catalina.core.StandardEngine - Starting Servlet engine: [Apache Tomcat/10.1.34]
2025-02-12 17:14:19 - o.a.c.c.C.[Tomcat].[localhost].[/] - Initializing Spring embedded WebApplicationContext
2025-02-12 17:14:19 - o.s.b.w.s.c.ServletWebServerApplicationContext - Root WebApplicationContext: initialization completed in 1429 ms
2025-02-12 17:14:20 - o.h.jpa.internal.util.LogHelper - HHH000204: Processing PersistenceUnitInfo [name: default]
2025-02-12 17:14:20 - org.hibernate.Version - HHH000412: Hibernate ORM core version 6.6.5.Final
2025-02-12 17:14:20 - o.h.c.i.RegionFactoryInitiator - HHH000026: Second-level cache disabled
2025-02-12 17:14:20 - o.s.o.j.p.SpringPersistenceUnitInfo - No LoadTimeWeaver setup: ignoring JPA class transformer
2025-02-12 17:14:20 - com.zaxxer.hikari.HikariDataSource - HikariPool-1 - Starting...
2025-02-12 17:14:20 - com.zaxxer.hikari.pool.HikariPool - HikariPool-1 - Added connection conn0: url=jdbc:h2:mem:testdb user=SA
2025-02-12 17:14:20 - com.zaxxer.hikari.HikariDataSource - HikariPool-1 - Start completed.
2025-02-12 17:14:20 - o.hibernate.orm.connections.pooling - HHH10001005: Database info:
	Database JDBC URL [Connecting through datasource 'HikariDataSource (HikariPool-1)']
	Database driver: undefined/unknown
	Database version: 2.3.232
	Autocommit mode: undefined/unknown
	Isolation level: undefined/unknown
	Minimum pool size: undefined/unknown
	Maximum pool size: undefined/unknown
2025-02-12 17:14:21 - o.h.e.t.j.p.i.JtaPlatformInitiator - HHH000489: No JTA platform available (set 'hibernate.transaction.jta.platform' to enable JTA platform integration)
2025-02-12 17:14:21 - o.s.o.j.LocalContainerEntityManagerFactoryBean - Initialized JPA EntityManagerFactory for persistence unit 'default'
2025-02-12 17:14:21 - o.s.b.a.o.j.JpaBaseConfiguration$JpaWebConfiguration - spring.jpa.open-in-view is enabled by default. Therefore, database queries may be performed during view rendering. Explicitly configure spring.jpa.open-in-view to disable this warning
2025-02-12 17:14:21 - o.s.v.b.OptionalValidatorFactoryBean - Failed to set up a Bean Validation provider: jakarta.validation.NoProviderFoundException: Unable to create a Configuration, because no Jakarta Bean Validation provider could be found. Add a provider like Hibernate Validator (RI) to your classpath.
2025-02-12 17:14:21 - o.s.b.a.h.H2ConsoleAutoConfiguration - H2 console available at '/h2-console'. Database available at 'jdbc:h2:mem:testdb'
2025-02-12 17:14:22 - o.s.b.d.a.OptionalLiveReloadServer - LiveReload server is running on port 35729
2025-02-12 17:14:22 - o.a.coyote.http11.Http11NioProtocol - Starting ProtocolHandler ["http-nio-6060"]
2025-02-12 17:14:22 - o.s.b.w.e.tomcat.TomcatWebServer - Tomcat started on port 6060 (http) with context path '/'
2025-02-12 17:14:22 - c.example.SpringBootApp11Application - Started SpringBootApp11Application in 4.186 seconds (process running for 4.949)
2025-02-12 17:14:28 - o.a.c.c.C.[Tomcat].[localhost].[/] - Initializing Spring DispatcherServlet 'dispatcherServlet'
2025-02-12 17:14:28 - o.s.web.servlet.DispatcherServlet - Initializing Servlet 'dispatcherServlet'
2025-02-12 17:14:28 - o.s.web.servlet.DispatcherServlet - Completed initialization in 1 ms
2025-02-12 17:14:28 - com.example.web.InsuranceController - getAllInsurance
2025-02-12 17:14:28 - c.example.service.InsuranceService - getAllInsurance 
2025-02-12 17:14:28 - c.example.service.InsuranceService - found all [Insurance(insuranceId=1, insuranceName=health insurance, years=10, startDate=2025-02-12), Insurance(insuranceId=2, insuranceName=bike insurance, years=1, startDate=2022-12-12), Insurance(insuranceId=3, insuranceName=home insurance, years=5, startDate=2021-12-12), Insurance(insuranceId=4, insuranceName=mobile insurance, years=10, startDate=2020-12-12)]
2025-02-12 17:14:28 - com.example.web.InsuranceController - found [Insurance(insuranceId=1, insuranceName=health insurance, years=10, startDate=2025-02-12), Insurance(insuranceId=2, insuranceName=bike insurance, years=1, startDate=2022-12-12), Insurance(insuranceId=3, insuranceName=home insurance, years=5, startDate=2021-12-12), Insurance(insuranceId=4, insuranceName=mobile insurance, years=10, startDate=2020-12-12)]
2025-02-12 17:14:28 - c.example.service.InsuranceService - getAllInsurance 
2025-02-12 17:14:28 - c.example.service.InsuranceService - found all [Insurance(insuranceId=1, insuranceName=health insurance, years=10, startDate=2025-02-12), Insurance(insuranceId=2, insuranceName=bike insurance, years=1, startDate=2022-12-12), Insurance(insuranceId=3, insuranceName=home insurance, years=5, startDate=2021-12-12), Insurance(insuranceId=4, insuranceName=mobile insurance, years=10, startDate=2020-12-12)]
2025-02-12 17:14:48 - com.example.web.InsuranceController - getAllInsurance
2025-02-12 17:14:48 - c.example.service.InsuranceService - getAllInsurance 
2025-02-12 17:14:48 - c.example.service.InsuranceService - found all [Insurance(insuranceId=1, insuranceName=health insurance, years=10, startDate=2025-02-12), Insurance(insuranceId=2, insuranceName=bike insurance, years=1, startDate=2022-12-12), Insurance(insuranceId=3, insuranceName=home insurance, years=5, startDate=2021-12-12), Insurance(insuranceId=4, insuranceName=mobile insurance, years=10, startDate=2020-12-12)]
2025-02-12 17:14:48 - com.example.web.InsuranceController - found [Insurance(insuranceId=1, insuranceName=health insurance, years=10, startDate=2025-02-12), Insurance(insuranceId=2, insuranceName=bike insurance, years=1, startDate=2022-12-12), Insurance(insuranceId=3, insuranceName=home insurance, years=5, startDate=2021-12-12), Insurance(insuranceId=4, insuranceName=mobile insurance, years=10, startDate=2020-12-12)]
2025-02-12 17:14:48 - c.example.service.InsuranceService - getAllInsurance 
2025-02-12 17:14:48 - c.example.service.InsuranceService - found all [Insurance(insuranceId=1, insuranceName=health insurance, years=10, startDate=2025-02-12), Insurance(insuranceId=2, insuranceName=bike insurance, years=1, startDate=2022-12-12), Insurance(insuranceId=3, insuranceName=home insurance, years=5, startDate=2021-12-12), Insurance(insuranceId=4, insuranceName=mobile insurance, years=10, startDate=2020-12-12)]
2025-02-12 17:15:26 - com.example.web.InsuranceController - findInsuranceById
2025-02-12 17:15:26 - c.example.service.InsuranceService - found by id  1  value Insurance(insuranceId=1, insuranceName=health insurance, years=10, startDate=2025-02-12)
2025-02-12 17:15:26 - com.example.web.InsuranceController - found Insurance(insuranceId=1, insuranceName=health insurance, years=10, startDate=2025-02-12)
2025-02-12 17:15:26 - c.example.service.InsuranceService - found by id  1  value Insurance(insuranceId=1, insuranceName=health insurance, years=10, startDate=2025-02-12)
2025-02-12 17:46:58 - com.example.web.InsuranceController - addInsurance
2025-02-12 17:46:58 - com.example.web.InsuranceController - insurance saved 
2025-02-12 17:46:58 - c.example.service.InsuranceService - insurance object savedInsurance(insuranceId=0, insuranceName=child insurance, years=15, startDate=2021-02-12)
2025-02-12 17:47:06 - com.example.web.InsuranceController - getAllInsurance
2025-02-12 17:47:06 - c.example.service.InsuranceService - getAllInsurance 
2025-02-12 17:47:06 - c.example.service.InsuranceService - found all [Insurance(insuranceId=1, insuranceName=health insurance, years=10, startDate=2025-02-12), Insurance(insuranceId=2, insuranceName=bike insurance, years=1, startDate=2022-12-12), Insurance(insuranceId=3, insuranceName=home insurance, years=5, startDate=2021-12-12), Insurance(insuranceId=4, insuranceName=mobile insurance, years=10, startDate=2020-12-12), Insurance(insuranceId=5, insuranceName=child insurance, years=15, startDate=2021-02-12)]
2025-02-12 17:47:06 - com.example.web.InsuranceController - found [Insurance(insuranceId=1, insuranceName=health insurance, years=10, startDate=2025-02-12), Insurance(insuranceId=2, insuranceName=bike insurance, years=1, startDate=2022-12-12), Insurance(insuranceId=3, insuranceName=home insurance, years=5, startDate=2021-12-12), Insurance(insuranceId=4, insuranceName=mobile insurance, years=10, startDate=2020-12-12), Insurance(insuranceId=5, insuranceName=child insurance, years=15, startDate=2021-02-12)]
2025-02-12 17:47:06 - c.example.service.InsuranceService - getAllInsurance 
2025-02-12 17:47:06 - c.example.service.InsuranceService - found all [Insurance(insuranceId=1, insuranceName=health insurance, years=10, startDate=2025-02-12), Insurance(insuranceId=2, insuranceName=bike insurance, years=1, startDate=2022-12-12), Insurance(insuranceId=3, insuranceName=home insurance, years=5, startDate=2021-12-12), Insurance(insuranceId=4, insuranceName=mobile insurance, years=10, startDate=2020-12-12), Insurance(insuranceId=5, insuranceName=child insurance, years=15, startDate=2021-02-12)]
2025-02-12 18:05:55 - com.example.web.InsuranceController - getAllInsurance
2025-02-12 18:05:55 - c.example.service.InsuranceService - getAllInsurance 
2025-02-12 18:05:55 - c.example.service.InsuranceService - found all [Insurance(insuranceId=1, insuranceName=health insurance, years=10, startDate=2025-02-12), Insurance(insuranceId=2, insuranceName=bike insurance, years=1, startDate=2022-12-12), Insurance(insuranceId=3, insuranceName=home insurance, years=5, startDate=2021-12-12), Insurance(insuranceId=4, insuranceName=mobile insurance, years=10, startDate=2020-12-12), Insurance(insuranceId=5, insuranceName=child insurance, years=15, startDate=2021-02-12)]
2025-02-12 18:05:55 - com.example.web.InsuranceController - found [Insurance(insuranceId=1, insuranceName=health insurance, years=10, startDate=2025-02-12), Insurance(insuranceId=2, insuranceName=bike insurance, years=1, startDate=2022-12-12), Insurance(insuranceId=3, insuranceName=home insurance, years=5, startDate=2021-12-12), Insurance(insuranceId=4, insuranceName=mobile insurance, years=10, startDate=2020-12-12), Insurance(insuranceId=5, insuranceName=child insurance, years=15, startDate=2021-02-12)]
2025-02-12 18:05:55 - c.example.service.InsuranceService - getAllInsurance 
2025-02-12 18:05:55 - c.example.service.InsuranceService - found all [Insurance(insuranceId=1, insuranceName=health insurance, years=10, startDate=2025-02-12), Insurance(insuranceId=2, insuranceName=bike insurance, years=1, startDate=2022-12-12), Insurance(insuranceId=3, insuranceName=home insurance, years=5, startDate=2021-12-12), Insurance(insuranceId=4, insuranceName=mobile insurance, years=10, startDate=2020-12-12), Insurance(insuranceId=5, insuranceName=child insurance, years=15, startDate=2021-02-12)]
2025-02-12 18:07:00 - com.example.web.InsuranceController - updateInsurance
2025-02-12 18:07:00 - c.example.service.InsuranceService - updateInsurance called 
2025-02-12 18:07:00 - c.example.service.InsuranceService - insurance updated Insurance(insuranceId=5, insuranceName=education insurance, years=11, startDate=2020-02-25)
2025-02-12 18:07:00 - com.example.web.InsuranceController - updated Insurance(insuranceId=5, insuranceName=education insurance, years=11, startDate=2020-02-25)status 201 CREATED
2025-02-12 18:07:07 - com.example.web.InsuranceController - getAllInsurance
2025-02-12 18:07:07 - c.example.service.InsuranceService - getAllInsurance 
2025-02-12 18:07:07 - c.example.service.InsuranceService - found all [Insurance(insuranceId=1, insuranceName=health insurance, years=10, startDate=2025-02-12), Insurance(insuranceId=2, insuranceName=bike insurance, years=1, startDate=2022-12-12), Insurance(insuranceId=3, insuranceName=home insurance, years=5, startDate=2021-12-12), Insurance(insuranceId=4, insuranceName=mobile insurance, years=10, startDate=2020-12-12), Insurance(insuranceId=5, insuranceName=education insurance, years=11, startDate=2020-02-25)]
2025-02-12 18:07:07 - com.example.web.InsuranceController - found [Insurance(insuranceId=1, insuranceName=health insurance, years=10, startDate=2025-02-12), Insurance(insuranceId=2, insuranceName=bike insurance, years=1, startDate=2022-12-12), Insurance(insuranceId=3, insuranceName=home insurance, years=5, startDate=2021-12-12), Insurance(insuranceId=4, insuranceName=mobile insurance, years=10, startDate=2020-12-12), Insurance(insuranceId=5, insuranceName=education insurance, years=11, startDate=2020-02-25)]
2025-02-12 18:07:07 - c.example.service.InsuranceService - getAllInsurance 
2025-02-12 18:07:07 - c.example.service.InsuranceService - found all [Insurance(insuranceId=1, insuranceName=health insurance, years=10, startDate=2025-02-12), Insurance(insuranceId=2, insuranceName=bike insurance, years=1, startDate=2022-12-12), Insurance(insuranceId=3, insuranceName=home insurance, years=5, startDate=2021-12-12), Insurance(insuranceId=4, insuranceName=mobile insurance, years=10, startDate=2020-12-12), Insurance(insuranceId=5, insuranceName=education insurance, years=11, startDate=2020-02-25)]
2025-02-12 18:07:31 - o.s.w.s.m.s.DefaultHandlerExceptionResolver - Resolved [org.springframework.web.HttpRequestMethodNotSupportedException: Request method 'DELETE' is not supported]
2025-02-12 18:11:06 - o.s.w.s.m.s.DefaultHandlerExceptionResolver - Resolved [org.springframework.web.HttpRequestMethodNotSupportedException: Request method 'DELETE' is not supported]
2025-02-12 18:11:46 - o.s.b.a.SpringApplicationAdminMXBeanRegistrar$SpringApplicationAdmin - Application shutdown requested.
2025-02-12 18:11:46 - o.s.b.w.e.tomcat.GracefulShutdown - Commencing graceful shutdown. Waiting for active requests to complete
2025-02-12 18:11:46 - o.a.coyote.http11.Http11NioProtocol - Pausing ProtocolHandler ["http-nio-6060"]
2025-02-12 18:11:46 - o.s.b.w.e.tomcat.GracefulShutdown - Graceful shutdown complete
2025-02-12 18:11:46 - o.a.coyote.http11.Http11NioProtocol - Stopping ProtocolHandler ["http-nio-6060"]
2025-02-12 18:11:46 - o.s.o.j.LocalContainerEntityManagerFactoryBean - Closing JPA EntityManagerFactory for persistence unit 'default'
2025-02-12 18:11:46 - o.s.b.f.s.DisposableBeanAdapter - Invocation of destroy method failed on bean with name 'inMemoryDatabaseShutdownExecutor': org.h2.jdbc.JdbcSQLNonTransientConnectionException: Database is already closed (to disable automatic closing at VM shutdown, add ";DB_CLOSE_ON_EXIT=FALSE" to the db URL) [90121-232]
2025-02-12 18:11:46 - com.zaxxer.hikari.HikariDataSource - HikariPool-1 - Shutdown initiated...
2025-02-12 18:11:46 - com.zaxxer.hikari.HikariDataSource - HikariPool-1 - Shutdown completed.
2025-02-12 18:11:57 - c.example.SpringBootApp11Application - Starting SpringBootApp11Application using Java 21.0.5 with PID 29124 (C:\Users\2383505\Documents\workspace-spring-tool-suite-4-4.27.0.RELEASE\SpringBootReactive1\target\classes started by 2383505 in C:\Users\2383505\Documents\workspace-spring-tool-suite-4-4.27.0.RELEASE\SpringBootReactive1)
2025-02-12 18:11:57 - c.example.SpringBootApp11Application - No active profile set, falling back to 1 default profile: "default"
2025-02-12 18:11:57 - o.s.b.d.e.DevToolsPropertyDefaultsPostProcessor - Devtools property defaults active! Set 'spring.devtools.add-properties' to 'false' to disable
2025-02-12 18:11:57 - o.s.b.d.e.DevToolsPropertyDefaultsPostProcessor - For additional web related logging consider setting the 'logging.level.web' property to 'DEBUG'
2025-02-12 18:11:58 - o.s.d.r.c.RepositoryConfigurationDelegate - Bootstrapping Spring Data JPA repositories in DEFAULT mode.
2025-02-12 18:11:58 - o.s.d.r.c.RepositoryConfigurationDelegate - Finished Spring Data repository scanning in 103 ms. Found 1 JPA repository interface.
2025-02-12 18:11:58 - o.s.b.w.e.tomcat.TomcatWebServer - Tomcat initialized with port 6060 (http)
2025-02-12 18:11:58 - o.a.coyote.http11.Http11NioProtocol - Initializing ProtocolHandler ["http-nio-6060"]
2025-02-12 18:11:58 - o.a.catalina.core.StandardService - Starting service [Tomcat]
2025-02-12 18:11:58 - o.a.catalina.core.StandardEngine - Starting Servlet engine: [Apache Tomcat/10.1.34]
2025-02-12 18:11:58 - o.a.c.c.C.[Tomcat].[localhost].[/] - Initializing Spring embedded WebApplicationContext
2025-02-12 18:11:58 - o.s.b.w.s.c.ServletWebServerApplicationContext - Root WebApplicationContext: initialization completed in 1190 ms
2025-02-12 18:11:58 - o.h.jpa.internal.util.LogHelper - HHH000204: Processing PersistenceUnitInfo [name: default]
2025-02-12 18:11:58 - org.hibernate.Version - HHH000412: Hibernate ORM core version 6.6.5.Final
2025-02-12 18:11:58 - o.h.c.i.RegionFactoryInitiator - HHH000026: Second-level cache disabled
2025-02-12 18:11:59 - o.s.o.j.p.SpringPersistenceUnitInfo - No LoadTimeWeaver setup: ignoring JPA class transformer
2025-02-12 18:11:59 - com.zaxxer.hikari.HikariDataSource - HikariPool-1 - Starting...
2025-02-12 18:11:59 - com.zaxxer.hikari.pool.HikariPool - HikariPool-1 - Added connection conn0: url=jdbc:h2:mem:testdb user=SA
2025-02-12 18:11:59 - com.zaxxer.hikari.HikariDataSource - HikariPool-1 - Start completed.
2025-02-12 18:11:59 - o.hibernate.orm.connections.pooling - HHH10001005: Database info:
	Database JDBC URL [Connecting through datasource 'HikariDataSource (HikariPool-1)']
	Database driver: undefined/unknown
	Database version: 2.3.232
	Autocommit mode: undefined/unknown
	Isolation level: undefined/unknown
	Minimum pool size: undefined/unknown
	Maximum pool size: undefined/unknown
2025-02-12 18:11:59 - o.h.e.t.j.p.i.JtaPlatformInitiator - HHH000489: No JTA platform available (set 'hibernate.transaction.jta.platform' to enable JTA platform integration)
2025-02-12 18:12:00 - o.s.o.j.LocalContainerEntityManagerFactoryBean - Initialized JPA EntityManagerFactory for persistence unit 'default'
2025-02-12 18:12:00 - o.s.b.a.o.j.JpaBaseConfiguration$JpaWebConfiguration - spring.jpa.open-in-view is enabled by default. Therefore, database queries may be performed during view rendering. Explicitly configure spring.jpa.open-in-view to disable this warning
2025-02-12 18:12:00 - o.s.v.b.OptionalValidatorFactoryBean - Failed to set up a Bean Validation provider: jakarta.validation.NoProviderFoundException: Unable to create a Configuration, because no Jakarta Bean Validation provider could be found. Add a provider like Hibernate Validator (RI) to your classpath.
2025-02-12 18:12:00 - o.s.b.a.h.H2ConsoleAutoConfiguration - H2 console available at '/h2-console'. Database available at 'jdbc:h2:mem:testdb'
2025-02-12 18:12:00 - o.s.b.d.a.OptionalLiveReloadServer - LiveReload server is running on port 35729
2025-02-12 18:12:00 - o.a.coyote.http11.Http11NioProtocol - Starting ProtocolHandler ["http-nio-6060"]
2025-02-12 18:12:00 - o.s.b.w.e.tomcat.TomcatWebServer - Tomcat started on port 6060 (http) with context path '/'
2025-02-12 18:12:00 - c.example.SpringBootApp11Application - Started SpringBootApp11Application in 3.519 seconds (process running for 4.274)
2025-02-12 18:12:06 - o.a.c.c.C.[Tomcat].[localhost].[/] - Initializing Spring DispatcherServlet 'dispatcherServlet'
2025-02-12 18:12:06 - o.s.web.servlet.DispatcherServlet - Initializing Servlet 'dispatcherServlet'
2025-02-12 18:12:06 - o.s.web.servlet.DispatcherServlet - Completed initialization in 1 ms
2025-02-12 18:12:06 - com.example.web.InsuranceController - getAllInsurance
2025-02-12 18:12:06 - c.example.service.InsuranceService - getAllInsurance 
2025-02-12 18:12:06 - c.example.service.InsuranceService - found all [Insurance(insuranceId=1, insuranceName=health insurance, years=10, startDate=2025-02-12), Insurance(insuranceId=2, insuranceName=bike insurance, years=1, startDate=2022-12-12), Insurance(insuranceId=3, insuranceName=home insurance, years=5, startDate=2021-12-12), Insurance(insuranceId=4, insuranceName=mobile insurance, years=10, startDate=2020-12-12)]
2025-02-12 18:12:06 - com.example.web.InsuranceController - found [Insurance(insuranceId=1, insuranceName=health insurance, years=10, startDate=2025-02-12), Insurance(insuranceId=2, insuranceName=bike insurance, years=1, startDate=2022-12-12), Insurance(insuranceId=3, insuranceName=home insurance, years=5, startDate=2021-12-12), Insurance(insuranceId=4, insuranceName=mobile insurance, years=10, startDate=2020-12-12)]
2025-02-12 18:12:06 - c.example.service.InsuranceService - getAllInsurance 
2025-02-12 18:12:06 - c.example.service.InsuranceService - found all [Insurance(insuranceId=1, insuranceName=health insurance, years=10, startDate=2025-02-12), Insurance(insuranceId=2, insuranceName=bike insurance, years=1, startDate=2022-12-12), Insurance(insuranceId=3, insuranceName=home insurance, years=5, startDate=2021-12-12), Insurance(insuranceId=4, insuranceName=mobile insurance, years=10, startDate=2020-12-12)]
2025-02-12 18:12:14 - com.example.web.InsuranceController - deleteInsurance
2025-02-12 18:12:14 - c.example.service.InsuranceService - delete insurance called 
2025-02-12 18:12:14 - c.example.service.InsuranceService - deleted by id 1 value Insurance(insuranceId=1, insuranceName=health insurance, years=10, startDate=2025-02-12)
2025-02-12 18:12:14 - com.example.web.InsuranceController - deleted with id 1 value Insurance(insuranceId=1, insuranceName=health insurance, years=10, startDate=2025-02-12) status 200 OK
2025-02-12 18:12:20 - com.example.web.InsuranceController - getAllInsurance
2025-02-12 18:12:20 - c.example.service.InsuranceService - getAllInsurance 
2025-02-12 18:12:20 - c.example.service.InsuranceService - found all [Insurance(insuranceId=2, insuranceName=bike insurance, years=1, startDate=2022-12-12), Insurance(insuranceId=3, insuranceName=home insurance, years=5, startDate=2021-12-12), Insurance(insuranceId=4, insuranceName=mobile insurance, years=10, startDate=2020-12-12)]
2025-02-12 18:12:20 - com.example.web.InsuranceController - found [Insurance(insuranceId=2, insuranceName=bike insurance, years=1, startDate=2022-12-12), Insurance(insuranceId=3, insuranceName=home insurance, years=5, startDate=2021-12-12), Insurance(insuranceId=4, insuranceName=mobile insurance, years=10, startDate=2020-12-12)]
2025-02-12 18:12:20 - c.example.service.InsuranceService - getAllInsurance 
2025-02-12 18:12:20 - c.example.service.InsuranceService - found all [Insurance(insuranceId=2, insuranceName=bike insurance, years=1, startDate=2022-12-12), Insurance(insuranceId=3, insuranceName=home insurance, years=5, startDate=2021-12-12), Insurance(insuranceId=4, insuranceName=mobile insurance, years=10, startDate=2020-12-12)]
2025-02-12 18:37:46 - o.s.b.a.SpringApplicationAdminMXBeanRegistrar$SpringApplicationAdmin - Application shutdown requested.
2025-02-12 18:37:46 - o.s.b.w.e.tomcat.GracefulShutdown - Commencing graceful shutdown. Waiting for active requests to complete
2025-02-12 18:37:46 - o.a.coyote.http11.Http11NioProtocol - Pausing ProtocolHandler ["http-nio-6060"]
2025-02-12 18:37:46 - o.s.b.w.e.tomcat.GracefulShutdown - Graceful shutdown complete
2025-02-12 18:37:46 - o.a.coyote.http11.Http11NioProtocol - Stopping ProtocolHandler ["http-nio-6060"]
2025-02-12 18:37:46 - o.s.o.j.LocalContainerEntityManagerFactoryBean - Closing JPA EntityManagerFactory for persistence unit 'default'
2025-02-12 18:37:46 - o.s.b.f.s.DisposableBeanAdapter - Invocation of destroy method failed on bean with name 'inMemoryDatabaseShutdownExecutor': org.h2.jdbc.JdbcSQLNonTransientConnectionException: Database is already closed (to disable automatic closing at VM shutdown, add ";DB_CLOSE_ON_EXIT=FALSE" to the db URL) [90121-232]
2025-02-12 18:37:46 - com.zaxxer.hikari.HikariDataSource - HikariPool-1 - Shutdown initiated...
2025-02-12 18:37:46 - com.zaxxer.hikari.HikariDataSource - HikariPool-1 - Shutdown completed.
